#
# There is insufficient memory for the Java Runtime Environment to continue.
# Native memory allocation (malloc) failed to allocate 800096 bytes. Error detail: Chunk::new
# Possible reasons:
#   The system is out of physical RAM or swap space
#   This process is running with CompressedOops enabled, and the Java Heap may be blocking the growth of the native heap
# Possible solutions:
#   Reduce memory load on the system
#   Increase physical memory or swap space
#   Check if swap backing store is full
#   Decrease Java heap size (-Xmx/-Xms)
#   Decrease number of Java threads
#   Decrease Java thread stack sizes (-Xss)
#   Set larger code cache with -XX:ReservedCodeCacheSize=
#   JVM is running with Unscaled Compressed Oops mode in which the Java heap is
#     placed in the first 4GB address space. The Java Heap base address is the
#     maximum limit for the native heap growth. Please use -XX:HeapBaseMinAddress
#     to set the Java Heap base and to place the Java Heap above 4GB virtual address.
# This output file may be truncated or incomplete.
#
#  Out of Memory Error (arena.cpp:168), pid=36480, tid=35648
#
# JRE version: OpenJDK Runtime Environment (21.0.8) (build 21.0.8+-14018985-b1038.68)
# Java VM: OpenJDK 64-Bit Server VM (21.0.8+-14018985-b1038.68, mixed mode, tiered, compressed oops, compressed class ptrs, g1 gc, windows-amd64)
# No core dump will be written. Minidumps are not enabled by default on client versions of Windows
#

---------------  S U M M A R Y ------------

Command Line: org.jetbrains.kotlin.cli.jvm.K2JVMCompiler @C:\PSM\development\app\build\20260517_13888220589528371873.compiler.options

Host: AMD Ryzen 7 7435HS                             , 16 cores, 7G,  Windows 11 , 64 bit Build 26100 (10.0.26100.8328)
Time: Sun May 17 17:16:15 2026 Malay Peninsula Standard Time elapsed time: 17.163147 seconds (0d 0h 0m 17s)

---------------  T H R E A D  ---------------

Current thread (0x000001ff070851d0):  JavaThread "C2 CompilerThread3" daemon [_thread_in_native, id=35648, stack(0x000000e0bea00000,0x000000e0beb00000) (1024K)]


Current CompileTask:
C2:17163 3221       4       java.lang.ClassLoader::loadClass (7 bytes)

Stack: [0x000000e0bea00000,0x000000e0beb00000]
Native frames: (J=compiled Java code, j=interpreted, Vv=VM code, C=native code)
V  [jvm.dll+0x6d68d9]
V  [jvm.dll+0x866693]
V  [jvm.dll+0x868c4e]
V  [jvm.dll+0x869333]
V  [jvm.dll+0x280566]
V  [jvm.dll+0xc07cd]
V  [jvm.dll+0xc0d03]
V  [jvm.dll+0x2f5970]
V  [jvm.dll+0x5ff719]
V  [jvm.dll+0x252362]
V  [jvm.dll+0x25271f]
V  [jvm.dll+0x24aec5]
V  [jvm.dll+0x24871e]
V  [jvm.dll+0x1c73a4]
V  [jvm.dll+0x257f9e]
V  [jvm.dll+0x2564e6]
V  [jvm.dll+0x3f4696]
V  [jvm.dll+0x80eac8]
V  [jvm.dll+0x6d512d]
C  [ucrtbase.dll+0x37b0]
C  [KERNEL32.DLL+0x2e957]
C  [ntdll.dll+0x427c]


---------------  P R O C E S S  ---------------

Threads class SMR info:
_java_thread_list=0x000001ff04e5d220, length=15, elements={
0x000001ff645410a0, 0x000001ff7ebe5660, 0x000001ff7ebf18f0, 0x000001ff7ebef860,
0x000001ff7ec28cd0, 0x000001ff7ec29340, 0x000001ff7ec299b0, 0x000001ff7ec2a020,
0x000001ff7ec32b00, 0x000001ff7ec13530, 0x000001ff7edde670, 0x000001ff072a9870,
0x000001ff07079020, 0x000001ff070851d0, 0x000001ff08205830
}

Java Threads: ( => current thread )
  0x000001ff645410a0 JavaThread "main"                              [_thread_in_vm, id=36620, stack(0x000000e0bc500000,0x000000e0bc600000) (1024K)]
  0x000001ff7ebe5660 JavaThread "Common-Cleaner"             daemon [_thread_blocked, id=23356, stack(0x000000e0bcd00000,0x000000e0bce00000) (1024K)]
  0x000001ff7ebf18f0 JavaThread "Reference Handler"          daemon [_thread_blocked, id=5756, stack(0x000000e0bce00000,0x000000e0bcf00000) (1024K)]
  0x000001ff7ebef860 JavaThread "Finalizer"                  daemon [_thread_blocked, id=26628, stack(0x000000e0bcf00000,0x000000e0bd000000) (1024K)]
  0x000001ff7ec28cd0 JavaThread "Signal Dispatcher"          daemon [_thread_blocked, id=35684, stack(0x000000e0bd000000,0x000000e0bd100000) (1024K)]
  0x000001ff7ec29340 JavaThread "Attach Listener"            daemon [_thread_blocked, id=26492, stack(0x000000e0bd100000,0x000000e0bd200000) (1024K)]
  0x000001ff7ec299b0 JavaThread "Service Thread"             daemon [_thread_blocked, id=50020, stack(0x000000e0bd200000,0x000000e0bd300000) (1024K)]
  0x000001ff7ec2a020 JavaThread "Monitor Deflation Thread"   daemon [_thread_blocked, id=47384, stack(0x000000e0bd300000,0x000000e0bd400000) (1024K)]
  0x000001ff7ec32b00 JavaThread "C2 CompilerThread0"         daemon [_thread_in_native, id=28268, stack(0x000000e0bd400000,0x000000e0bd500000) (1024K)]
  0x000001ff7ec13530 JavaThread "C1 CompilerThread0"         daemon [_thread_blocked, id=10052, stack(0x000000e0bd500000,0x000000e0bd600000) (1024K)]
  0x000001ff7edde670 JavaThread "Notification Thread"        daemon [_thread_blocked, id=36548, stack(0x000000e0bd700000,0x000000e0bd800000) (1024K)]
  0x000001ff072a9870 JavaThread "C2 CompilerThread1"         daemon [_thread_blocked, id=24196, stack(0x000000e0be300000,0x000000e0be400000) (1024K)]
  0x000001ff07079020 JavaThread "C2 CompilerThread2"         daemon [_thread_in_native, id=37344, stack(0x000000e0be900000,0x000000e0bea00000) (1024K)]
=>0x000001ff070851d0 JavaThread "C2 CompilerThread3"         daemon [_thread_in_native, id=35648, stack(0x000000e0bea00000,0x000000e0beb00000) (1024K)]
  0x000001ff08205830 JavaThread "C2 CompilerThread4"         daemon [_thread_blocked, id=38592, stack(0x000000e0beb00000,0x000000e0bec00000) (1024K)]
Total: 15

Other Threads:
  0x000001ff7ea2a9d0 VMThread "VM Thread"                           [id=9028, stack(0x000000e0bcc00000,0x000000e0bcd00000) (1024K)]
  0x000001ff7e9c9a40 WatcherThread "VM Periodic Task Thread"        [id=50088, stack(0x000000e0bcb00000,0x000000e0bcc00000) (1024K)]
  0x000001ff669b2a80 WorkerThread "GC Thread#0"                     [id=49652, stack(0x000000e0bc600000,0x000000e0bc700000) (1024K)]
  0x000001ff7f5fed60 WorkerThread "GC Thread#1"                     [id=31868, stack(0x000000e0bdc00000,0x000000e0bdd00000) (1024K)]
  0x000001ff7f5ff510 WorkerThread "GC Thread#2"                     [id=25032, stack(0x000000e0bdd00000,0x000000e0bde00000) (1024K)]
  0x000001ff7f5d04d0 WorkerThread "GC Thread#3"                     [id=46372, stack(0x000000e0bde00000,0x000000e0bdf00000) (1024K)]
  0x000001ff7f60f680 WorkerThread "GC Thread#4"                     [id=24416, stack(0x000000e0bdf00000,0x000000e0be000000) (1024K)]
  0x000001ff7f610030 WorkerThread "GC Thread#5"                     [id=24948, stack(0x000000e0be000000,0x000000e0be100000) (1024K)]
  0x000001ff7f69b140 WorkerThread "GC Thread#6"                     [id=51500, stack(0x000000e0bd800000,0x000000e0bd900000) (1024K)]
  0x000001ff7f69b4e0 WorkerThread "GC Thread#7"                     [id=30912, stack(0x000000e0bd900000,0x000000e0bda00000) (1024K)]
  0x000001ff044c1640 WorkerThread "GC Thread#8"                     [id=46064, stack(0x000000e0be400000,0x000000e0be500000) (1024K)]
  0x000001ff044be720 WorkerThread "GC Thread#9"                     [id=48600, stack(0x000000e0be600000,0x000000e0be700000) (1024K)]
  0x000001ff044c0b60 WorkerThread "GC Thread#10"                    [id=48940, stack(0x000000e0be700000,0x000000e0be800000) (1024K)]
  0x000001ff055a47b0 WorkerThread "GC Thread#11"                    [id=45676, stack(0x000000e0be800000,0x000000e0be900000) (1024K)]
  0x000001ff055a4b50 WorkerThread "GC Thread#12"                    [id=53916, stack(0x000000e0be500000,0x000000e0be600000) (1024K)]
  0x000001ff669c4ac0 ConcurrentGCThread "G1 Main Marker"            [id=36032, stack(0x000000e0bc700000,0x000000e0bc800000) (1024K)]
  0x000001ff669c5dd0 WorkerThread "G1 Conc#0"                       [id=29340, stack(0x000000e0bc800000,0x000000e0bc900000) (1024K)]
  0x000001ff7f69a660 WorkerThread "G1 Conc#1"                       [id=49572, stack(0x000000e0be100000,0x000000e0be200000) (1024K)]
  0x000001ff7f69aa00 WorkerThread "G1 Conc#2"                       [id=38100, stack(0x000000e0be200000,0x000000e0be300000) (1024K)]
  0x000001ff7e8981c0 ConcurrentGCThread "G1 Refine#0"               [id=52228, stack(0x000000e0bc900000,0x000000e0bca00000) (1024K)]
  0x000001ff7e8999f0 ConcurrentGCThread "G1 Service"                [id=41592, stack(0x000000e0bca00000,0x000000e0bcb00000) (1024K)]
Total: 21

Threads with active compile tasks:
C2 CompilerThread0  17194 3222       4       jdk.internal.loader.ClassLoaders$AppClassLoader::loadClass (40 bytes)
C1 CompilerThread0  17194 3475       3       org.jetbrains.kotlin.it.unimi.dsi.fastutil.objects.ObjectOpenHashSet::rehash (133 bytes)
C2 CompilerThread3  17194 3221       4       java.lang.ClassLoader::loadClass (7 bytes)
Total: 3

VM state: not at safepoint (normal execution)

VM Mutex/Monitor currently owned by a thread: None

Heap address: 0x0000000082c00000, size: 2004 MB, Compressed Oops mode: 32-bit

CDS archive(s) not mapped
Compressed class space mapped at: 0x0000000100000000-0x0000000140000000, reserved size: 1073741824
Narrow klass base: 0x0000000000000000, Narrow klass shift: 3, Narrow klass range: 0x140000000

GC Precious Log:
 CardTable entry size: 512
 Card Set container configuration: InlinePtr #cards 5 size 8 Array Of Cards #cards 12 size 40 Howl #buckets 4 coarsen threshold 1843 Howl Bitmap #cards 512 size 80 coarsen threshold 460 Card regions per heap region 1 cards per card region 2048
 CPUs: 16 total, 16 available
 Memory: 8010M
 Large Page Support: Disabled
 NUMA Support: Disabled
 Compressed Oops: Enabled (32-bit)
 Heap Region Size: 1M
 Heap Min Capacity: 8M
 Heap Initial Capacity: 126M
 Heap Max Capacity: 2004M
 Pre-touch: Disabled
 Parallel Workers: 13
 Concurrent Workers: 3
 Concurrent Refinement Workers: 13
 Periodic GC: Disabled

Heap:
 garbage-first heap   total 55296K, used 37354K [0x0000000082c00000, 0x0000000100000000)
  region size 1024K, 12 young (12288K), 2 survivors (2048K)
 Metaspace       used 48868K, committed 49152K, reserved 1114112K
  class space    used 5770K, committed 5888K, reserved 1048576K

Heap Regions: E=young(eden), S=young(survivor), O=old, HS=humongous(starts), HC=humongous(continues), CS=collection set, F=free, TAMS=top-at-mark-start, PB=parsable bottom
|   0|0x0000000082c00000, 0x0000000082d00000, 0x0000000082d00000|100%|HS|  |TAMS 0x0000000082c00000| PB 0x0000000082c00000| Complete 
|   1|0x0000000082d00000, 0x0000000082e00000, 0x0000000082e00000|100%|HC|  |TAMS 0x0000000082d00000| PB 0x0000000082d00000| Complete 
|   2|0x0000000082e00000, 0x0000000082f00000, 0x0000000082f00000|100%|HC|  |TAMS 0x0000000082e00000| PB 0x0000000082e00000| Complete 
|   3|0x0000000082f00000, 0x0000000083000000, 0x0000000083000000|100%| O|  |TAMS 0x0000000082f00000| PB 0x0000000082f00000| Untracked 
|   4|0x0000000083000000, 0x0000000083100000, 0x0000000083100000|100%| O|  |TAMS 0x0000000083000000| PB 0x0000000083000000| Untracked 
|   5|0x0000000083100000, 0x00000000831f4790, 0x0000000083200000| 95%| O|  |TAMS 0x0000000083100000| PB 0x0000000083100000| Untracked 
|   6|0x0000000083200000, 0x0000000083300000, 0x0000000083300000|100%| O|  |TAMS 0x0000000083200000| PB 0x0000000083200000| Untracked 
|   7|0x0000000083300000, 0x0000000083400000, 0x0000000083400000|100%| O|  |TAMS 0x0000000083300000| PB 0x0000000083300000| Untracked 
|   8|0x0000000083400000, 0x0000000083500000, 0x0000000083500000|100%| O|  |TAMS 0x0000000083400000| PB 0x0000000083400000| Untracked 
|   9|0x0000000083500000, 0x0000000083600000, 0x0000000083600000|100%| O|  |TAMS 0x0000000083500000| PB 0x0000000083500000| Untracked 
|  10|0x0000000083600000, 0x0000000083700000, 0x0000000083700000|100%| O|  |TAMS 0x0000000083600000| PB 0x0000000083600000| Untracked 
|  11|0x0000000083700000, 0x0000000083800000, 0x0000000083800000|100%| O|  |TAMS 0x0000000083700000| PB 0x0000000083700000| Untracked 
|  12|0x0000000083800000, 0x0000000083900000, 0x0000000083900000|100%| O|  |TAMS 0x0000000083800000| PB 0x0000000083800000| Untracked 
|  13|0x0000000083900000, 0x0000000083a00000, 0x0000000083a00000|100%| O|  |TAMS 0x0000000083900000| PB 0x0000000083900000| Untracked 
|  14|0x0000000083a00000, 0x0000000083b00000, 0x0000000083b00000|100%| O|  |TAMS 0x0000000083a00000| PB 0x0000000083a00000| Untracked 
|  15|0x0000000083b00000, 0x0000000083c00000, 0x0000000083c00000|100%| O|  |TAMS 0x0000000083b00000| PB 0x0000000083b00000| Untracked 
|  16|0x0000000083c00000, 0x0000000083d00000, 0x0000000083d00000|100%| O|Cm|TAMS 0x0000000083c00000| PB 0x0000000083c00000| Complete 
|  17|0x0000000083d00000, 0x0000000083e00000, 0x0000000083e00000|100%| O|  |TAMS 0x0000000083d00000| PB 0x0000000083d00000| Untracked 
|  18|0x0000000083e00000, 0x0000000083f00000, 0x0000000083f00000|100%| O|  |TAMS 0x0000000083e00000| PB 0x0000000083e00000| Untracked 
|  19|0x0000000083f00000, 0x0000000084000000, 0x0000000084000000|100%| O|  |TAMS 0x0000000083f00000| PB 0x0000000083f00000| Untracked 
|  20|0x0000000084000000, 0x0000000084100000, 0x0000000084100000|100%| O|  |TAMS 0x0000000084000000| PB 0x0000000084000000| Untracked 
|  21|0x0000000084100000, 0x0000000084200000, 0x0000000084200000|100%| O|  |TAMS 0x0000000084100000| PB 0x0000000084100000| Untracked 
|  22|0x0000000084200000, 0x0000000084286458, 0x0000000084300000| 52%| O|  |TAMS 0x0000000084200000| PB 0x0000000084200000| Untracked 
|  23|0x0000000084300000, 0x0000000084300000, 0x0000000084400000|  0%| F|  |TAMS 0x0000000084300000| PB 0x0000000084300000| Untracked 
|  24|0x0000000084400000, 0x0000000084500000, 0x0000000084500000|100%| S|CS|TAMS 0x0000000084400000| PB 0x0000000084400000| Complete 
|  25|0x0000000084500000, 0x0000000084500000, 0x0000000084600000|  0%| F|  |TAMS 0x0000000084500000| PB 0x0000000084500000| Untracked 
|  26|0x0000000084600000, 0x0000000084700000, 0x0000000084700000|100%| S|CS|TAMS 0x0000000084600000| PB 0x0000000084600000| Complete 
|  27|0x0000000084700000, 0x0000000084700000, 0x0000000084800000|  0%| F|  |TAMS 0x0000000084700000| PB 0x0000000084700000| Untracked 
|  28|0x0000000084800000, 0x0000000084800000, 0x0000000084900000|  0%| F|  |TAMS 0x0000000084800000| PB 0x0000000084800000| Untracked 
|  29|0x0000000084900000, 0x0000000084900000, 0x0000000084a00000|  0%| F|  |TAMS 0x0000000084900000| PB 0x0000000084900000| Untracked 
|  30|0x0000000084a00000, 0x0000000084a00000, 0x0000000084b00000|  0%| F|  |TAMS 0x0000000084a00000| PB 0x0000000084a00000| Untracked 
|  31|0x0000000084b00000, 0x0000000084b00000, 0x0000000084c00000|  0%| F|  |TAMS 0x0000000084b00000| PB 0x0000000084b00000| Untracked 
|  32|0x0000000084c00000, 0x0000000084c00000, 0x0000000084d00000|  0%| F|  |TAMS 0x0000000084c00000| PB 0x0000000084c00000| Untracked 
|  33|0x0000000084d00000, 0x0000000084d00000, 0x0000000084e00000|  0%| F|  |TAMS 0x0000000084d00000| PB 0x0000000084d00000| Untracked 
|  34|0x0000000084e00000, 0x0000000084e00000, 0x0000000084f00000|  0%| F|  |TAMS 0x0000000084e00000| PB 0x0000000084e00000| Untracked 
|  35|0x0000000084f00000, 0x0000000084f00000, 0x0000000085000000|  0%| F|  |TAMS 0x0000000084f00000| PB 0x0000000084f00000| Untracked 
|  36|0x0000000085000000, 0x0000000085000000, 0x0000000085100000|  0%| F|  |TAMS 0x0000000085000000| PB 0x0000000085000000| Untracked 
|  37|0x0000000085100000, 0x0000000085100000, 0x0000000085200000|  0%| F|  |TAMS 0x0000000085100000| PB 0x0000000085100000| Untracked 
|  38|0x0000000085200000, 0x0000000085200000, 0x0000000085300000|  0%| F|  |TAMS 0x0000000085200000| PB 0x0000000085200000| Untracked 
|  39|0x0000000085300000, 0x0000000085300000, 0x0000000085400000|  0%| F|  |TAMS 0x0000000085300000| PB 0x0000000085300000| Untracked 
|  40|0x0000000085400000, 0x0000000085400000, 0x0000000085500000|  0%| F|  |TAMS 0x0000000085400000| PB 0x0000000085400000| Untracked 
|  41|0x0000000085500000, 0x00000000855d83c0, 0x0000000085600000| 84%| E|  |TAMS 0x0000000085500000| PB 0x0000000085500000| Complete 
|  42|0x0000000085600000, 0x0000000085700000, 0x0000000085700000|100%| E|CS|TAMS 0x0000000085600000| PB 0x0000000085600000| Complete 
|  43|0x0000000085700000, 0x0000000085800000, 0x0000000085800000|100%| E|CS|TAMS 0x0000000085700000| PB 0x0000000085700000| Complete 
|  44|0x0000000085800000, 0x0000000085900000, 0x0000000085900000|100%| E|CS|TAMS 0x0000000085800000| PB 0x0000000085800000| Complete 
|  45|0x0000000085900000, 0x0000000085a00000, 0x0000000085a00000|100%| E|CS|TAMS 0x0000000085900000| PB 0x0000000085900000| Complete 
|  46|0x0000000085a00000, 0x0000000085b00000, 0x0000000085b00000|100%| E|CS|TAMS 0x0000000085a00000| PB 0x0000000085a00000| Complete 
|  98|0x0000000088e00000, 0x0000000088f00000, 0x0000000088f00000|100%| E|CS|TAMS 0x0000000088e00000| PB 0x0000000088e00000| Complete 
|  99|0x0000000088f00000, 0x0000000089000000, 0x0000000089000000|100%| E|CS|TAMS 0x0000000088f00000| PB 0x0000000088f00000| Complete 
| 125|0x000000008a900000, 0x000000008aa00000, 0x000000008aa00000|100%| E|CS|TAMS 0x000000008a900000| PB 0x000000008a900000| Complete 
|2000|0x00000000ffc00000, 0x00000000ffd00000, 0x00000000ffd00000|100%| E|CS|TAMS 0x00000000ffc00000| PB 0x00000000ffc00000| Complete 
|2001|0x00000000ffd00000, 0x00000000ffe00000, 0x00000000ffe00000|100%| O|  |TAMS 0x00000000ffd00000| PB 0x00000000ffd00000| Untracked 
|2002|0x00000000ffe00000, 0x00000000fff00000, 0x00000000fff00000|100%| O|  |TAMS 0x00000000ffe00000| PB 0x00000000ffe00000| Untracked 
|2003|0x00000000fff00000, 0x0000000100000000, 0x0000000100000000|100%| O|  |TAMS 0x00000000fff00000| PB 0x00000000fff00000| Untracked 

Card table byte_map: [0x000001ff79720000,0x000001ff79b10000] _byte_map_base: 0x000001ff7930a000

Marking Bits: (CMBitMap*) 0x000001ff669b3180
 Bits: [0x000001ff79b10000, 0x000001ff7ba60000)

Polling page: 0x000001ff644f0000

Metaspace:

Usage:
  Non-class:     42.09 MB used.
      Class:      5.64 MB used.
       Both:     47.72 MB used.

Virtual space:
  Non-class space:       64.00 MB reserved,      42.25 MB ( 66%) committed,  1 nodes.
      Class space:        1.00 GB reserved,       5.75 MB ( <1%) committed,  1 nodes.
             Both:        1.06 GB reserved,      48.00 MB (  4%) committed. 

Chunk freelists:
   Non-Class:  5.67 MB
       Class:  10.25 MB
        Both:  15.92 MB

MaxMetaspaceSize: unlimited
CompressedClassSpaceSize: 1.00 GB
Initial GC threshold: 21.00 MB
Current GC threshold: 79.62 MB
CDS: off
 - commit_granule_bytes: 65536.
 - commit_granule_words: 8192.
 - virtual_space_node_default_size: 8388608.
 - enlarge_chunks_in_place: 1.
 - use_allocation_guard: 0.


Internal statistics:

num_allocs_failed_limit: 3.
num_arena_births: 194.
num_arena_deaths: 0.
num_vsnodes_births: 2.
num_vsnodes_deaths: 0.
num_space_committed: 768.
num_space_uncommitted: 0.
num_chunks_returned_to_freelist: 3.
num_chunks_taken_from_freelist: 1562.
num_chunk_merges: 3.
num_chunk_splits: 1336.
num_chunks_enlarged: 1235.
num_inconsistent_stats: 0.

CodeHeap 'non-profiled nmethods': size=119168Kb used=1581Kb max_used=1581Kb free=117586Kb
 bounds [0x000001ff71650000, 0x000001ff718c0000, 0x000001ff78ab0000]
CodeHeap 'profiled nmethods': size=119104Kb used=6746Kb max_used=6746Kb free=112357Kb
 bounds [0x000001ff69ab0000, 0x000001ff6a150000, 0x000001ff70f00000]
CodeHeap 'non-nmethods': size=7488Kb used=1563Kb max_used=3306Kb free=5924Kb
 bounds [0x000001ff70f00000, 0x000001ff71240000, 0x000001ff71650000]
CodeCache: size=245760Kb, used=9890Kb, max_used=11633Kb, free=235867Kb
 total_blobs=3768, nmethods=3140, adapters=532, full_count=0
Compilation: enabled, stopped_count=0, restarted_count=0

Compilation events (20 events):
Event: 13.113 Thread 0x000001ff7ed3ad40 nmethod 3420 0x000001ff69ae3590 code [0x000001ff69ae3740, 0x000001ff69ae38f0]
Event: 13.113 Thread 0x000001ff7f110bb0 nmethod 3421 0x000001ff69ae2d90 code [0x000001ff69ae2f80, 0x000001ff69ae33d0]
Event: 13.115 Thread 0x000001ff7ed3ad40 3423       1       kotlin.collections.builders.ListBuilder::access$getLength$p (5 bytes)
Event: 13.115 Thread 0x000001ff7ed3ad40 nmethod 3423 0x000001ff717b5f90 code [0x000001ff717b6120, 0x000001ff717b61d0]
Event: 13.115 Thread 0x000001ff7ec13530 3424       3       java.util.RegularEnumSet::contains (57 bytes)
Event: 13.115 Thread 0x000001ff7ed3ad40 3425       1       org.jetbrains.kotlin.cli.jvm.index.JvmDependenciesIndexImpl$TraverseRequest::getAcceptedRootTypes (5 bytes)
Event: 13.115 Thread 0x000001ff7f110bb0 3426       3       org.jetbrains.kotlin.cli.jvm.compiler.KotlinCliJavaFileManagerImpl::knownClassNamesInPackage$lambda$17 (99 bytes)
Event: 13.115 Thread 0x000001ff7ed3ad40 nmethod 3425 0x000001ff717b6290 code [0x000001ff717b6420, 0x000001ff717b64e8]
Event: 13.115 Thread 0x000001ff7ed3ad40 3427       3       org.jetbrains.kotlin.it.unimi.dsi.fastutil.HashCommon::arraySize (71 bytes)
Event: 13.115 Thread 0x000001ff7ec13530 nmethod 3424 0x000001ff6a128490 code [0x000001ff6a128660, 0x000001ff6a128a38]
Event: 13.115 Thread 0x000001ff7ec13530 3428       3       org.jetbrains.kotlin.cli.jvm.index.JvmDependenciesIndexImpl$$Lambda/0x00000001005590c0::invoke (16 bytes)
Event: 13.115 Thread 0x000001ff7ec13530 nmethod 3428 0x000001ff69ae2810 code [0x000001ff69ae29c0, 0x000001ff69ae2cb8]
Event: 13.115 Thread 0x000001ff7ec13530 3429       3       org.jetbrains.kotlin.cli.jvm.index.JvmDependenciesIndexImpl::traverseDirectoriesInPackage$lambda$6$lambda$5 (39 bytes)
Event: 13.116 Thread 0x000001ff7ed3ad40 nmethod 3427 0x000001ff6a128b90 code [0x000001ff6a128e60, 0x000001ff6a129900]
Event: 13.116 Thread 0x000001ff7ec13530 nmethod 3429 0x000001ff6a129e10 code [0x000001ff6a12a0c0, 0x000001ff6a12acc8]
Event: 13.116 Thread 0x000001ff7ed3ad40 3430       3       org.jetbrains.kotlin.resolve.jvm.KotlinJavaPsiFacade::finders (30 bytes)
Event: 13.116 Thread 0x000001ff7ed3ad40 nmethod 3430 0x000001ff6a12b110 code [0x000001ff6a12b2e0, 0x000001ff6a12b530]
Event: 13.117 Thread 0x000001ff7f110bb0 nmethod 3426 0x000001ff6a12b610 code [0x000001ff6a12bba0, 0x000001ff6a12e470]
Event: 13.117 Thread 0x000001ff08205830 nmethod 3367 0x000001ff717b6590 code [0x000001ff717b6800, 0x000001ff717b74a8]
Event: 13.117 Thread 0x000001ff08205830 3408       4       java.lang.StringLatin1::regionMatchesCI (45 bytes)

GC Heap History (20 events):
Event: 1.646 GC heap before
{Heap before GC invocations=3 (full 0):
 garbage-first heap   total 27648K, used 27046K [0x0000000082c00000, 0x0000000100000000)
  region size 1024K, 21 young (21504K), 2 survivors (2048K)
 Metaspace       used 25464K, committed 25728K, reserved 1114112K
  class space    used 2761K, committed 2880K, reserved 1048576K
}
Event: 1.652 GC heap after
{Heap after GC invocations=4 (full 0):
 garbage-first heap   total 32768K, used 11217K [0x0000000082c00000, 0x0000000100000000)
  region size 1024K, 5 young (5120K), 5 survivors (5120K)
 Metaspace       used 25464K, committed 25728K, reserved 1114112K
  class space    used 2761K, committed 2880K, reserved 1048576K
}
Event: 1.780 GC heap before
{Heap before GC invocations=4 (full 0):
 garbage-first heap   total 32768K, used 24529K [0x0000000082c00000, 0x0000000100000000)
  region size 1024K, 18 young (18432K), 5 survivors (5120K)
 Metaspace       used 25481K, committed 25728K, reserved 1114112K
  class space    used 2761K, committed 2880K, reserved 1048576K
}
Event: 1.789 GC heap after
{Heap after GC invocations=5 (full 0):
 garbage-first heap   total 36864K, used 18385K [0x0000000082c00000, 0x0000000100000000)
  region size 1024K, 3 young (3072K), 3 survivors (3072K)
 Metaspace       used 25481K, committed 25728K, reserved 1114112K
  class space    used 2761K, committed 2880K, reserved 1048576K
}
Event: 1.997 GC heap before
{Heap before GC invocations=5 (full 0):
 garbage-first heap   total 36864K, used 27601K [0x0000000082c00000, 0x0000000100000000)
  region size 1024K, 12 young (12288K), 3 survivors (3072K)
 Metaspace       used 27919K, committed 28224K, reserved 1114112K
  class space    used 3062K, committed 3200K, reserved 1048576K
}
Event: 2.001 GC heap after
{Heap after GC invocations=6 (full 0):
 garbage-first heap   total 36864K, used 20251K [0x0000000082c00000, 0x0000000100000000)
  region size 1024K, 2 young (2048K), 2 survivors (2048K)
 Metaspace       used 27919K, committed 28224K, reserved 1114112K
  class space    used 3062K, committed 3200K, reserved 1048576K
}
Event: 2.052 GC heap before
{Heap before GC invocations=6 (full 0):
 garbage-first heap   total 36864K, used 28443K [0x0000000082c00000, 0x0000000100000000)
  region size 1024K, 10 young (10240K), 2 survivors (2048K)
 Metaspace       used 28085K, committed 28352K, reserved 1114112K
  class space    used 3076K, committed 3200K, reserved 1048576K
}
Event: 2.057 GC heap after
{Heap after GC invocations=7 (full 0):
 garbage-first heap   total 46080K, used 22418K [0x0000000082c00000, 0x0000000100000000)
  region size 1024K, 2 young (2048K), 2 survivors (2048K)
 Metaspace       used 28085K, committed 28352K, reserved 1114112K
  class space    used 3076K, committed 3200K, reserved 1048576K
}
Event: 2.523 GC heap before
{Heap before GC invocations=8 (full 0):
 garbage-first heap   total 46080K, used 34706K [0x0000000082c00000, 0x0000000100000000)
  region size 1024K, 15 young (15360K), 2 survivors (2048K)
 Metaspace       used 32767K, committed 33024K, reserved 1114112K
  class space    used 4090K, committed 4224K, reserved 1048576K
}
Event: 2.526 GC heap after
{Heap after GC invocations=9 (full 0):
 garbage-first heap   total 46080K, used 23371K [0x0000000082c00000, 0x0000000100000000)
  region size 1024K, 1 young (1024K), 1 survivors (1024K)
 Metaspace       used 32767K, committed 33024K, reserved 1114112K
  class space    used 4090K, committed 4224K, reserved 1048576K
}
Event: 2.763 GC heap before
{Heap before GC invocations=9 (full 0):
 garbage-first heap   total 46080K, used 35659K [0x0000000082c00000, 0x0000000100000000)
  region size 1024K, 14 young (14336K), 1 survivors (1024K)
 Metaspace       used 35614K, committed 35776K, reserved 1114112K
  class space    used 4404K, committed 4480K, reserved 1048576K
}
Event: 2.767 GC heap after
{Heap after GC invocations=10 (full 0):
 garbage-first heap   total 46080K, used 24221K [0x0000000082c00000, 0x0000000100000000)
  region size 1024K, 2 young (2048K), 2 survivors (2048K)
 Metaspace       used 35614K, committed 35776K, reserved 1114112K
  class space    used 4404K, committed 4480K, reserved 1048576K
}
Event: 2.978 GC heap before
{Heap before GC invocations=10 (full 0):
 garbage-first heap   total 46080K, used 36509K [0x0000000082c00000, 0x0000000100000000)
  region size 1024K, 15 young (15360K), 2 survivors (2048K)
 Metaspace       used 38769K, committed 38912K, reserved 1114112K
  class space    used 4733K, committed 4800K, reserved 1048576K
}
Event: 2.981 GC heap after
{Heap after GC invocations=11 (full 0):
 garbage-first heap   total 46080K, used 24973K [0x0000000082c00000, 0x0000000100000000)
  region size 1024K, 1 young (1024K), 1 survivors (1024K)
 Metaspace       used 38769K, committed 38912K, reserved 1114112K
  class space    used 4733K, committed 4800K, reserved 1048576K
}
Event: 3.333 GC heap before
{Heap before GC invocations=12 (full 0):
 garbage-first heap   total 46080K, used 38285K [0x0000000082c00000, 0x0000000100000000)
  region size 1024K, 14 young (14336K), 1 survivors (1024K)
 Metaspace       used 42614K, committed 42816K, reserved 1114112K
  class space    used 5122K, committed 5184K, reserved 1048576K
}
Event: 3.336 GC heap after
{Heap after GC invocations=13 (full 0):
 garbage-first heap   total 46080K, used 25803K [0x0000000082c00000, 0x0000000100000000)
  region size 1024K, 2 young (2048K), 2 survivors (2048K)
 Metaspace       used 42614K, committed 42816K, reserved 1114112K
  class space    used 5122K, committed 5184K, reserved 1048576K
}
Event: 3.537 GC heap before
{Heap before GC invocations=13 (full 0):
 garbage-first heap   total 46080K, used 38091K [0x0000000082c00000, 0x0000000100000000)
  region size 1024K, 15 young (15360K), 2 survivors (2048K)
 Metaspace       used 45648K, committed 45824K, reserved 1114112K
  class space    used 5451K, committed 5504K, reserved 1048576K
}
Event: 3.540 GC heap after
{Heap after GC invocations=14 (full 0):
 garbage-first heap   total 46080K, used 26199K [0x0000000082c00000, 0x0000000100000000)
  region size 1024K, 2 young (2048K), 2 survivors (2048K)
 Metaspace       used 45648K, committed 45824K, reserved 1114112K
  class space    used 5451K, committed 5504K, reserved 1048576K
}
Event: 3.922 GC heap before
{Heap before GC invocations=14 (full 0):
 garbage-first heap   total 46080K, used 40535K [0x0000000082c00000, 0x0000000100000000)
  region size 1024K, 16 young (16384K), 2 survivors (2048K)
 Metaspace       used 48613K, committed 48832K, reserved 1114112K
  class space    used 5738K, committed 5824K, reserved 1048576K
}
Event: 3.928 GC heap after
{Heap after GC invocations=15 (full 0):
 garbage-first heap   total 55296K, used 28138K [0x0000000082c00000, 0x0000000100000000)
  region size 1024K, 2 young (2048K), 2 survivors (2048K)
 Metaspace       used 48613K, committed 48832K, reserved 1114112K
  class space    used 5738K, committed 5824K, reserved 1048576K
}

Dll operation events (3 events):
Event: 0.027 Loaded shared library C:\Program Files\Android\Android Studio\jbr\bin\java.dll
Event: 0.050 Loaded shared library C:\Program Files\Android\Android Studio\jbr\bin\zip.dll
Event: 1.486 Loaded shared library C:\Program Files\Android\Android Studio\jbr\bin\verify.dll

Deoptimization events (20 events):
Event: 3.775 Thread 0x000001ff645410a0 Uncommon trap: trap_request=0xffffff45 fr.pc=0x000001ff71743b64 relative=0x00000000000001c4
Event: 3.775 Thread 0x000001ff645410a0 Uncommon trap: reason=unstable_if action=reinterpret pc=0x000001ff71743b64 method=java.lang.String.indexOf(II)I @ 4 c2
Event: 3.775 Thread 0x000001ff645410a0 DEOPT PACKING pc=0x000001ff71743b64 sp=0x000000e0bc5f72c0
Event: 3.775 Thread 0x000001ff645410a0 DEOPT UNPACKING pc=0x000001ff70f546a2 sp=0x000000e0bc5f71f0 mode 2
Event: 3.775 Thread 0x000001ff645410a0 Uncommon trap: trap_request=0xffffff45 fr.pc=0x000001ff7171c55c relative=0x000000000000021c
Event: 3.775 Thread 0x000001ff645410a0 Uncommon trap: reason=unstable_if action=reinterpret pc=0x000001ff7171c55c method=java.lang.String.startsWith(Ljava/lang/String;I)Z @ 50 c2
Event: 3.775 Thread 0x000001ff645410a0 DEOPT PACKING pc=0x000001ff7171c55c sp=0x000000e0bc5f7310
Event: 3.775 Thread 0x000001ff645410a0 DEOPT UNPACKING pc=0x000001ff70f546a2 sp=0x000000e0bc5f7298 mode 2
Event: 3.775 Thread 0x000001ff645410a0 Uncommon trap: trap_request=0xffffff45 fr.pc=0x000001ff71744c50 relative=0x00000000000006d0
Event: 3.775 Thread 0x000001ff645410a0 Uncommon trap: reason=unstable_if action=reinterpret pc=0x000001ff71744c50 method=java.lang.String.lastIndexOf(II)I @ 4 c2
Event: 3.775 Thread 0x000001ff645410a0 DEOPT PACKING pc=0x000001ff71744c50 sp=0x000000e0bc5f7370
Event: 3.775 Thread 0x000001ff645410a0 DEOPT UNPACKING pc=0x000001ff70f546a2 sp=0x000000e0bc5f7270 mode 2
Event: 3.811 Thread 0x000001ff645410a0 DEOPT PACKING pc=0x000001ff69fa8eac sp=0x000000e0bc5fd4d0
Event: 3.811 Thread 0x000001ff645410a0 DEOPT UNPACKING pc=0x000001ff70f54e42 sp=0x000000e0bc5fcb10 mode 0
Event: 3.919 Thread 0x000001ff645410a0 Uncommon trap: trap_request=0xffffff5c fr.pc=0x000001ff717ae258 relative=0x0000000000000098
Event: 3.919 Thread 0x000001ff645410a0 Uncommon trap: reason=speculate_null_check action=make_not_entrant pc=0x000001ff717ae258 method=org.jetbrains.kotlin.com.intellij.openapi.vfs.VfsUtilCore.isAncestor(Lorg/jetbrains/kotlin/com/intellij/openapi/vfs/VirtualFile;Lorg/jetbrains/kotlin/com/intel
Event: 3.919 Thread 0x000001ff645410a0 DEOPT PACKING pc=0x000001ff717ae258 sp=0x000000e0bc5fcb80
Event: 3.919 Thread 0x000001ff645410a0 DEOPT UNPACKING pc=0x000001ff70f546a2 sp=0x000000e0bc5fcb10 mode 2
Event: 5.026 Thread 0x000001ff645410a0 DEOPT PACKING pc=0x000001ff69d5c11a sp=0x000000e0bc5fb8c0
Event: 5.026 Thread 0x000001ff645410a0 DEOPT UNPACKING pc=0x000001ff70f54e42 sp=0x000000e0bc5fad80 mode 0

Classes loaded (20 events):
Event: 3.025 Loading class java/util/function/IntUnaryOperator
Event: 3.025 Loading class java/util/function/IntUnaryOperator done
Event: 3.156 Loading class java/util/ArrayList$ListItr
Event: 3.157 Loading class java/util/ArrayList$ListItr done
Event: 3.250 Loading class java/math/RoundingMode
Event: 3.251 Loading class java/math/RoundingMode done
Event: 3.412 Loading class java/util/PriorityQueue
Event: 3.413 Loading class java/util/PriorityQueue done
Event: 3.562 Loading class java/security/AccessControlException
Event: 3.563 Loading class java/security/AccessControlException done
Event: 3.571 Loading class java/lang/annotation/ElementType
Event: 3.571 Loading class java/lang/annotation/ElementType done
Event: 3.571 Loading class java/lang/Deprecated
Event: 3.571 Loading class java/lang/Deprecated done
Event: 3.571 Loading class java/lang/Override
Event: 3.571 Loading class java/lang/Override done
Event: 3.801 Loading class java/text/StringCharacterIterator
Event: 3.801 Loading class java/text/CharacterIterator
Event: 3.803 Loading class java/text/CharacterIterator done
Event: 3.803 Loading class java/text/StringCharacterIterator done

Classes unloaded (0 events):
No events

Classes redefined (0 events):
No events

Internal exceptions (20 events):
Event: 1.063 Thread 0x000001ff645410a0 Exception <a 'java/lang/NoSuchMethodError'{0x0000000089998550}: 'int java.lang.invoke.DelegatingMethodHandle$Holder.reinvoke_L(java.lang.Object, java.lang.Object, java.lang.Object, long, int, int)'> (0x0000000089998550) 
thrown [s\src\hotspot\share\interpreter\linkResolver.cpp, line 784]
Event: 1.064 Thread 0x000001ff645410a0 Exception <a 'java/lang/NoSuchMethodError'{0x00000000899a6720}: 'int java.lang.invoke.DelegatingMethodHandle$Holder.reinvoke_L(java.lang.Object, java.lang.Object, java.lang.Object, long, long, long)'> (0x00000000899a6720) 
thrown [s\src\hotspot\share\interpreter\linkResolver.cpp, line 784]
Event: 1.065 Thread 0x000001ff645410a0 Exception <a 'java/lang/NoSuchMethodError'{0x00000000899b4578}: 'int java.lang.invoke.DelegatingMethodHandle$Holder.reinvoke_L(java.lang.Object, java.lang.Object, java.lang.Object, long, int)'> (0x00000000899b4578) 
thrown [s\src\hotspot\share\interpreter\linkResolver.cpp, line 784]
Event: 1.066 Thread 0x000001ff645410a0 Exception <a 'java/lang/NoSuchMethodError'{0x00000000899bfa78}: 'int java.lang.invoke.DirectMethodHandle$Holder.invokeSpecial(java.lang.Object, java.lang.Object, java.lang.Object, java.lang.Object)'> (0x00000000899bfa78) 
thrown [s\src\hotspot\share\interpreter\linkResolver.cpp, line 784]
Event: 1.067 Thread 0x000001ff645410a0 Exception <a 'java/lang/NoSuchMethodError'{0x00000000899ce638}: 'void java.lang.invoke.DelegatingMethodHandle$Holder.reinvoke_L(java.lang.Object, java.lang.Object, java.lang.Object, long, java.lang.Object, long, long)'> (0x00000000899ce638) 
thrown [s\src\hotspot\share\interpreter\linkResolver.cpp, line 784]
Event: 1.068 Thread 0x000001ff645410a0 Exception <a 'java/lang/NoSuchMethodError'{0x00000000898065c0}: 'long java.lang.invoke.Invokers$Holder.invokeExact_MT(java.lang.Object, java.lang.Object, java.lang.Object)'> (0x00000000898065c0) 
thrown [s\src\hotspot\share\interpreter\linkResolver.cpp, line 784]
Event: 1.068 Thread 0x000001ff645410a0 Exception <a 'java/lang/NoSuchMethodError'{0x000000008980a4f8}: 'int java.lang.invoke.Invokers$Holder.invokeExact_MT(java.lang.Object, java.lang.Object, java.lang.Object)'> (0x000000008980a4f8) 
thrown [s\src\hotspot\share\interpreter\linkResolver.cpp, line 784]
Event: 1.107 Thread 0x000001ff645410a0 Exception <a 'java/lang/NoSuchMethodError'{0x00000000897cc7d0}: 'int java.lang.invoke.DirectMethodHandle$Holder.invokeStatic(java.lang.Object)'> (0x00000000897cc7d0) 
thrown [s\src\hotspot\share\interpreter\linkResolver.cpp, line 784]
Event: 1.107 Thread 0x000001ff645410a0 Exception <a 'java/lang/NoSuchMethodError'{0x00000000897cfc18}: 'int java.lang.invoke.DirectMethodHandle$Holder.invokeStaticInit(java.lang.Object)'> (0x00000000897cfc18) 
thrown [s\src\hotspot\share\interpreter\linkResolver.cpp, line 784]
Event: 1.309 Thread 0x000001ff645410a0 Exception <a 'java/lang/NoSuchMethodError'{0x00000000843cc918}: 'void java.lang.invoke.DirectMethodHandle$Holder.invokeStatic(java.lang.Object, java.lang.Object, java.lang.Object, java.lang.Object)'> (0x00000000843cc918) 
thrown [s\src\hotspot\share\interpreter\linkResolver.cpp, line 784]
Event: 1.453 Thread 0x000001ff645410a0 Exception <a 'java/lang/NoSuchMethodError'{0x0000000083bcb408}: 'void java.lang.invoke.Invokers$Holder.invokeExact_MT(java.lang.Object, int, java.lang.Object)'> (0x0000000083bcb408) 
thrown [s\src\hotspot\share\interpreter\linkResolver.cpp, line 784]
Event: 1.529 Thread 0x000001ff645410a0 Exception <a 'java/lang/NoSuchMethodError'{0x00000000838ea2e0}: 'long java.lang.invoke.DirectMethodHandle$Holder.invokeStatic(java.lang.Object, java.lang.Object, int)'> (0x00000000838ea2e0) 
thrown [s\src\hotspot\share\interpreter\linkResolver.cpp, line 784]
Event: 1.529 Thread 0x000001ff645410a0 Exception <a 'java/lang/NoSuchMethodError'{0x00000000838f52c8}: 'java.lang.Object java.lang.invoke.DelegatingMethodHandle$Holder.reinvoke_L(java.lang.Object, int, long, java.lang.Object, java.lang.Object, int, java.lang.Object)'> (0x00000000838f52c8) 
thrown [s\src\hotspot\share\interpreter\linkResolver.cpp, line 784]
Event: 1.879 Thread 0x000001ff645410a0 Exception <a 'java/lang/NoSuchMethodError'{0x00000000848dac50}: 'java.lang.Object java.lang.invoke.DirectMethodHandle$Holder.invokeStatic(java.lang.Object, java.lang.Object, int, java.lang.Object)'> (0x00000000848dac50) 
thrown [s\src\hotspot\share\interpreter\linkResolver.cpp, line 784]
Event: 2.078 Thread 0x000001ff645410a0 Exception <a 'java/lang/NoSuchMethodError'{0x000000008a97cec0}: 'java.lang.Object java.lang.invoke.DirectMethodHandle$Holder.newInvokeSpecial(java.lang.Object, java.lang.Object, java.lang.Object, java.lang.Object, java.lang.Object, java.lang.Object)'> (0x000000008a97cec0) 
thrown [s\src\hotspot\share\interpreter\linkResolver.cpp, line 784]
Event: 2.721 Thread 0x000001ff645410a0 Exception <a 'java/lang/NoSuchMethodError'{0x0000000084a12c28}: 'java.lang.Object java.lang.invoke.DirectMethodHandle$Holder.newInvokeSpecial(java.lang.Object, java.lang.Object, java.lang.Object, java.lang.Object, java.lang.Object, java.lang.Object, java.lang.Object)'> (0x0000000084a12c28) 
thrown [s\src\hotspot\share\interpreter\linkResolver.cpp, line 784]
Event: 2.971 Thread 0x000001ff645410a0 Exception <a 'java/lang/NoSuchMethodError'{0x00000000849b4710}: 'java.lang.Object java.lang.invoke.DirectMethodHandle$Holder.invokeVirtual(java.lang.Object, java.lang.Object, java.lang.Object)'> (0x00000000849b4710) 
thrown [s\src\hotspot\share\interpreter\linkResolver.cpp, line 784]
Event: 3.026 Thread 0x000001ff645410a0 Exception <a 'java/lang/NoSuchMethodError'{0x000000008a933768}: 'java.lang.Object java.lang.invoke.DirectMethodHandle$Holder.newInvokeSpecial(java.lang.Object, java.lang.Object, int)'> (0x000000008a933768) 
thrown [s\src\hotspot\share\interpreter\linkResolver.cpp, line 784]
Event: 3.543 Thread 0x000001ff645410a0 Exception <a 'java/lang/NoSuchMethodError'{0x00000000ffc1bd28}: 'java.lang.Object java.lang.invoke.DirectMethodHandle$Holder.newInvokeSpecial(java.lang.Object, java.lang.Object, java.lang.Object, int, java.lang.Object)'> (0x00000000ffc1bd28) 
thrown [s\src\hotspot\share\interpreter\linkResolver.cpp, line 784]
Event: 3.660 Thread 0x000001ff645410a0 Implicit null exception at 0x000001ff716eee46 to 0x000001ff716ef100

ZGC Phase Switch (0 events):
No events

VM Operations (20 events):
Event: 3.810 Executing VM operation: HandshakeAllThreads (Deoptimize)
Event: 3.811 Executing VM operation: HandshakeAllThreads (Deoptimize) done
Event: 3.921 Executing VM operation: G1CollectForAllocation (G1 Evacuation Pause)
Event: 3.928 Executing VM operation: G1CollectForAllocation (G1 Evacuation Pause) done
Event: 3.943 Executing VM operation: G1PauseRemark
Event: 3.969 Executing VM operation: G1PauseRemark done
Event: 3.973 Executing VM operation: G1PauseCleanup
Event: 3.973 Executing VM operation: G1PauseCleanup done
Event: 4.975 Executing VM operation: Cleanup
Event: 4.975 Executing VM operation: Cleanup done
Event: 5.984 Executing VM operation: Cleanup
Event: 5.984 Executing VM operation: Cleanup done
Event: 10.018 Executing VM operation: Cleanup
Event: 10.018 Executing VM operation: Cleanup done
Event: 12.105 Executing VM operation: HandshakeAllThreads (Deoptimize)
Event: 12.106 Executing VM operation: HandshakeAllThreads (Deoptimize) done
Event: 12.106 Executing VM operation: Cleanup
Event: 12.106 Executing VM operation: Cleanup done
Event: 14.115 Executing VM operation: Cleanup
Event: 14.115 Executing VM operation: Cleanup done

Memory protections (0 events):
No events

Nmethod flushes (20 events):
Event: 3.968 Thread 0x000001ff7ea2a9d0 flushing  nmethod 0x000001ff69b11c90
Event: 3.968 Thread 0x000001ff7ea2a9d0 flushing  nmethod 0x000001ff69b12110
Event: 3.968 Thread 0x000001ff7ea2a9d0 flushing  nmethod 0x000001ff69b1e710
Event: 3.968 Thread 0x000001ff7ea2a9d0 flushing  nmethod 0x000001ff69b1fa10
Event: 3.968 Thread 0x000001ff7ea2a9d0 flushing  nmethod 0x000001ff69b33590
Event: 3.968 Thread 0x000001ff7ea2a9d0 flushing  nmethod 0x000001ff69b44210
Event: 3.968 Thread 0x000001ff7ea2a9d0 flushing  nmethod 0x000001ff69b60810
Event: 3.968 Thread 0x000001ff7ea2a9d0 flushing  nmethod 0x000001ff69bd4490
Event: 3.968 Thread 0x000001ff7ea2a9d0 flushing  nmethod 0x000001ff69bd6310
Event: 3.968 Thread 0x000001ff7ea2a9d0 flushing  nmethod 0x000001ff69be2710
Event: 3.968 Thread 0x000001ff7ea2a9d0 flushing  nmethod 0x000001ff69bffe90
Event: 3.968 Thread 0x000001ff7ea2a9d0 flushing  nmethod 0x000001ff69c04110
Event: 3.968 Thread 0x000001ff7ea2a9d0 flushing  nmethod 0x000001ff69caae90
Event: 3.968 Thread 0x000001ff7ea2a9d0 flushing  nmethod 0x000001ff69d56090
Event: 3.968 Thread 0x000001ff7ea2a9d0 flushing  nmethod 0x000001ff69d5a110
Event: 3.968 Thread 0x000001ff7ea2a9d0 flushing  nmethod 0x000001ff69d5b210
Event: 3.968 Thread 0x000001ff7ea2a9d0 flushing  nmethod 0x000001ff69d5c710
Event: 3.968 Thread 0x000001ff7ea2a9d0 flushing  nmethod 0x000001ff69d6c110
Event: 3.968 Thread 0x000001ff7ea2a9d0 flushing  nmethod 0x000001ff69d78490
Event: 3.968 Thread 0x000001ff7ea2a9d0 flushing  nmethod 0x000001ff69d99f10

Events (20 events):
Event: 0.521 Thread 0x000001ff7ec13530 Thread added: 0x000001ff7f37f680
Event: 0.738 Thread 0x000001ff7ee71050 Thread exited: 0x000001ff7ee71050
Event: 0.740 Thread 0x000001ff7ee6e990 Thread exited: 0x000001ff7ee6e990
Event: 1.516 Thread 0x000001ff7ec32b00 Thread added: 0x000001ff04481f20
Event: 1.705 Thread 0x000001ff7ec13530 Thread added: 0x000001ff04d2ea80
Event: 2.011 Thread 0x000001ff04481f20 Thread added: 0x000001ff0497bbc0
Event: 2.011 Thread 0x000001ff04481f20 Thread added: 0x000001ff04cf6c50
Event: 2.298 Thread 0x000001ff04cf6c50 Thread exited: 0x000001ff04cf6c50
Event: 2.402 Thread 0x000001ff0497bbc0 Thread exited: 0x000001ff0497bbc0
Event: 2.811 Thread 0x000001ff04d2ea80 Thread exited: 0x000001ff04d2ea80
Event: 3.040 Thread 0x000001ff7ec13530 Thread added: 0x000001ff056b8080
Event: 3.042 Thread 0x000001ff7f110bb0 Thread added: 0x000001ff056b9090
Event: 3.195 Thread 0x000001ff056b9090 Thread exited: 0x000001ff056b9090
Event: 3.415 Thread 0x000001ff056b8080 Thread exited: 0x000001ff056b8080
Event: 3.429 Thread 0x000001ff04481f20 Thread exited: 0x000001ff04481f20
Event: 3.493 Thread 0x000001ff7ec13530 Thread added: 0x000001ff072a9870
Event: 3.493 Thread 0x000001ff7ec13530 Thread added: 0x000001ff07079020
Event: 3.493 Thread 0x000001ff7ec13530 Thread added: 0x000001ff070851d0
Event: 10.083 Thread 0x000001ff7f110bb0 Thread added: 0x000001ff08205830
Event: 13.112 Thread 0x000001ff7f37f680 Thread exited: 0x000001ff7f37f680


Dynamic libraries:
0x00007ff657d60000 - 0x00007ff657d6a000 	C:\Program Files\Android\Android Studio\jbr\bin\java.exe
0x00007ffc501e0000 - 0x00007ffc50447000 	C:\WINDOWS\SYSTEM32\ntdll.dll
0x00007ffc4f3b0000 - 0x00007ffc4f479000 	C:\WINDOWS\System32\KERNEL32.DLL
0x00007ffc4cef0000 - 0x00007ffc4d2e7000 	C:\WINDOWS\System32\KERNELBASE.dll
0x00007ffc4de10000 - 0x00007ffc4df5b000 	C:\WINDOWS\System32\ucrtbase.dll
0x00007ffc27990000 - 0x00007ffc279a8000 	C:\Program Files\Android\Android Studio\jbr\bin\jli.dll
0x00007ffc44ca0000 - 0x00007ffc44cbb000 	C:\Program Files\Android\Android Studio\jbr\bin\VCRUNTIME140.dll
0x00007ffc4fe40000 - 0x00007ffc50006000 	C:\WINDOWS\System32\USER32.dll
0x00007ffc4dbf0000 - 0x00007ffc4dc17000 	C:\WINDOWS\System32\win32u.dll
0x00007ffc32520000 - 0x00007ffc327b2000 	C:\WINDOWS\WinSxS\amd64_microsoft.windows.common-controls_6595b64144ccf1df_6.0.26100.8457_none_3e0b2faee331e92d\COMCTL32.dll
0x00007ffc4e170000 - 0x00007ffc4e19b000 	C:\WINDOWS\System32\GDI32.dll
0x00007ffc4fd90000 - 0x00007ffc4fe39000 	C:\WINDOWS\System32\msvcrt.dll
0x00007ffc4dc20000 - 0x00007ffc4dd4c000 	C:\WINDOWS\System32\gdi32full.dll
0x00007ffc4ce40000 - 0x00007ffc4cee3000 	C:\WINDOWS\System32\msvcp_win.dll
0x00007ffc4f7e0000 - 0x00007ffc4f812000 	C:\WINDOWS\System32\IMM32.DLL
0x00007ffc47ee0000 - 0x00007ffc47eec000 	C:\Program Files\Android\Android Studio\jbr\bin\vcruntime140_1.dll
0x00007ffc123e0000 - 0x00007ffc1246d000 	C:\Program Files\Android\Android Studio\jbr\bin\msvcp140.dll
0x00007ffb1fec0000 - 0x00007ffb20b56000 	C:\Program Files\Android\Android Studio\jbr\bin\server\jvm.dll
0x00007ffc4df60000 - 0x00007ffc4e016000 	C:\WINDOWS\System32\ADVAPI32.dll
0x00007ffc4f650000 - 0x00007ffc4f6f7000 	C:\WINDOWS\System32\sechost.dll
0x00007ffc4e6d0000 - 0x00007ffc4e7e8000 	C:\WINDOWS\System32\RPCRT4.dll
0x00007ffc4e020000 - 0x00007ffc4e0a0000 	C:\WINDOWS\System32\WS2_32.dll
0x00007ffc4ca70000 - 0x00007ffc4cace000 	C:\WINDOWS\SYSTEM32\POWRPROF.dll
0x00007ffc3f9a0000 - 0x00007ffc3f9d6000 	C:\WINDOWS\SYSTEM32\WINMM.dll
0x00007ffc45e20000 - 0x00007ffc45e2b000 	C:\WINDOWS\SYSTEM32\VERSION.dll
0x00007ffc4ca50000 - 0x00007ffc4ca64000 	C:\WINDOWS\SYSTEM32\UMPDC.dll
0x00007ffc4b9a0000 - 0x00007ffc4b9bb000 	C:\WINDOWS\SYSTEM32\kernel.appcore.dll
0x00007ffc38af0000 - 0x00007ffc38afa000 	C:\Program Files\Android\Android Studio\jbr\bin\jimage.dll
0x00007ffc4ab70000 - 0x00007ffc4adb2000 	C:\WINDOWS\SYSTEM32\DBGHELP.DLL
0x00007ffc4fa00000 - 0x00007ffc4fd83000 	C:\WINDOWS\System32\combase.dll
0x00007ffc4f700000 - 0x00007ffc4f7d9000 	C:\WINDOWS\System32\OLEAUT32.dll
0x00007ffc17d10000 - 0x00007ffc17d4b000 	C:\WINDOWS\SYSTEM32\dbgcore.DLL
0x00007ffc4cc10000 - 0x00007ffc4ccb8000 	C:\WINDOWS\System32\bcryptPrimitives.dll
0x00007ffc2a570000 - 0x00007ffc2a590000 	C:\Program Files\Android\Android Studio\jbr\bin\java.dll
0x00007ffc27950000 - 0x00007ffc27968000 	C:\Program Files\Android\Android Studio\jbr\bin\zip.dll
0x00007ffc4e900000 - 0x00007ffc4f06e000 	C:\WINDOWS\System32\SHELL32.dll
0x00007ffc4d2f0000 - 0x00007ffc4db5c000 	C:\WINDOWS\System32\windows.storage.dll
0x00007ffc4f230000 - 0x00007ffc4f326000 	C:\WINDOWS\System32\SHCORE.dll
0x00007ffc4e660000 - 0x00007ffc4e6c6000 	C:\WINDOWS\System32\shlwapi.dll
0x00007ffc4cb30000 - 0x00007ffc4cb59000 	C:\WINDOWS\SYSTEM32\profapi.dll
0x00007ffc29650000 - 0x00007ffc29660000 	C:\Program Files\Android\Android Studio\jbr\bin\net.dll
0x00007ffc45620000 - 0x00007ffc45749000 	C:\WINDOWS\SYSTEM32\WINHTTP.dll
0x00007ffc4bf10000 - 0x00007ffc4bf7c000 	C:\WINDOWS\system32\mswsock.dll
0x00007ffc20ca0000 - 0x00007ffc20cb6000 	C:\Program Files\Android\Android Studio\jbr\bin\nio.dll
0x00007ffc0ff70000 - 0x00007ffc0ff80000 	C:\Program Files\Android\Android Studio\jbr\bin\verify.dll

JVMTI agents: none

dbghelp: loaded successfully - version: 4.0.5 - missing functions: none
symbol engine: initialized successfully - sym options: 0x614 - pdb path: .;C:\Program Files\Android\Android Studio\jbr\bin;C:\WINDOWS\SYSTEM32;C:\WINDOWS\WinSxS\amd64_microsoft.windows.common-controls_6595b64144ccf1df_6.0.26100.8457_none_3e0b2faee331e92d;C:\Program Files\Android\Android Studio\jbr\bin\server

VM Arguments:
java_command: org.jetbrains.kotlin.cli.jvm.K2JVMCompiler @C:\PSM\development\app\build\20260517_13888220589528371873.compiler.options
java_class_path (initial): C:\Users\tyaha\.gradle\caches\modules-2\files-2.1\org.jetbrains.kotlin\kotlin-compiler-embeddable\2.0.21\79346ed53db48b18312a472602eb5c057070c54d\kotlin-compiler-embeddable-2.0.21.jar;C:\Users\tyaha\.gradle\caches\modules-2\files-2.1\org.jetbrains.kotlin\kotlin-stdlib\2.0.21\618b539767b4899b4660a83006e052b63f1db551\kotlin-stdlib-2.0.21.jar;C:\Users\tyaha\.gradle\caches\modules-2\files-2.1\org.jetbrains.kotlin\kotlin-script-runtime\2.0.21\c9b044380ad41f89aa89aa896c2d32a8c0b2129d\kotlin-script-runtime-2.0.21.jar;C:\Users\tyaha\.gradle\caches\modules-2\files-2.1\org.jetbrains.kotlin\kotlin-reflect\1.6.10\1cbe9c92c12a94eea200d23c2bbaedaf3daf5132\kotlin-reflect-1.6.10.jar;C:\Users\tyaha\.gradle\caches\modules-2\files-2.1\org.jetbrains.kotlin\kotlin-daemon-embeddable\2.0.21\c9e933b23287de9b5a17e2116b4657bb91aea72c\kotlin-daemon-embeddable-2.0.21.jar;C:\Users\tyaha\.gradle\caches\modules-2\files-2.1\org.jetbrains.intellij.deps\trove4j\1.0.20200330\3afb14d5f9ceb459d724e907a21145e8ff394f02\trove4j-1.0.20200330.jar;C:\Users\tyaha\.gradle\caches\modules-2\files-2.1\org.jetbrains.kotlinx\kotlinx-coroutines-core-jvm\1.6.4\2c997cd1c0ef33f3e751d3831929aeff1390cb30\kotlinx-coroutines-core-jvm-1.6.4.jar;C:\Users\tyaha\.gradle\caches\modules-2\files-2.1\org.jetbrains\annotations\13.0\919f0dfe192fb4e063e7dacadee7f8bb9a2672a9\annotations-13.0.jar
Launcher Type: SUN_STANDARD

[Global flags]
     intx CICompilerCount                          = 12                                        {product} {ergonomic}
     uint ConcGCThreads                            = 3                                         {product} {ergonomic}
     uint G1ConcRefinementThreads                  = 13                                        {product} {ergonomic}
   size_t G1HeapRegionSize                         = 1048576                                   {product} {ergonomic}
    uintx GCDrainStackTargetSize                   = 64                                        {product} {ergonomic}
   size_t InitialHeapSize                          = 132120576                                 {product} {ergonomic}
   size_t MarkStackSize                            = 4194304                                   {product} {ergonomic}
   size_t MaxHeapSize                              = 2101346304                                {product} {ergonomic}
   size_t MaxNewSize                               = 1260388352                                {product} {ergonomic}
   size_t MinHeapDeltaBytes                        = 1048576                                   {product} {ergonomic}
   size_t MinHeapSize                              = 8388608                                   {product} {ergonomic}
    uintx NonNMethodCodeHeapSize                   = 7602480                                {pd product} {ergonomic}
    uintx NonProfiledCodeHeapSize                  = 122027880                              {pd product} {ergonomic}
    uintx ProfiledCodeHeapSize                     = 122027880                              {pd product} {ergonomic}
    uintx ReservedCodeCacheSize                    = 251658240                              {pd product} {ergonomic}
     bool SegmentedCodeCache                       = true                                      {product} {ergonomic}
   size_t SoftMaxHeapSize                          = 2101346304                             {manageable} {ergonomic}
     bool UseCompressedOops                        = true                           {product lp64_product} {ergonomic}
     bool UseG1GC                                  = true                                      {product} {ergonomic}
     bool UseLargePagesIndividualAllocation        = false                                  {pd product} {ergonomic}

Logging:
Log output configuration:
 #0: stdout all=warning uptime,level,tags foldmultilines=false
 #1: stderr all=off uptime,level,tags foldmultilines=false

Environment Variables:
PATH=C:\Program Files\Common Files\Oracle\Java\javapath;C:\Program Files (x86)\Common Files\Oracle\Java\java8path;C:\Program Files (x86)\Common Files\Oracle\Java\javapath;C:\WINDOWS\system32;C:\WINDOWS;C:\WINDOWS\System32\Wbem;C:\WINDOWS\System32\WindowsPowerShell\v1.0\;C:\WINDOWS\System32\OpenSSH\;C:\Program Files (x86)\NVIDIA Corporation\PhysX\Common;C:\Program Files\dotnet\;C:\Program Files\NVIDIA Corporation\NVIDIA app\NvDLISR;C:\Program Files (x86)\Windows Kits\10\Windows Performance Toolkit\;C:\xampp\php;C:\ProgramData\ComposerSetup\bin;C:\Program Files\nodejs\;C:\Program Files\Git\cmd;C:\Program Files (x86)\Gpg4win\..\GnuPG\bin;C:\Users\tyaha\AppData\Local\Programs\Python\Python39\;C:\Users\tyaha\AppData\Local\Programs\Python\Python39\Scripts\;C:\Users\tyaha\AppData\Local\Programs\Python\Launcher\;C:\Users\tyaha\AppData\Local\Microsoft\WindowsApps;C:\Program Files\Java\jdk1.8.0_202\bin;C:\Users\tyaha\.dotnet\tools;C:\Users\tyaha\AppData\Local\Programs\Python\Python313\;C:\Users\tyaha\AppData\Local\Programs\Python\Python313\Scripts\;C:\Users\tyaha\AppData\Local\Programs\Microsoft VS Code\bin;C:\Users\tyaha\AppData\Roaming\Composer\vendor\bin;C:\Users\tyaha\AppData\Roaming\npm;C:\Users\tyaha\AppData\Local\Programs\Antigravity\bin
USERNAME=tyaha
OS=Windows_NT
PROCESSOR_IDENTIFIER=AMD64 Family 25 Model 68 Stepping 1, AuthenticAMD
TMP=C:\Users\tyaha\AppData\Local\Temp
TEMP=C:\Users\tyaha\AppData\Local\Temp




Periodic native trim disabled

JNI global refs:
JNI global refs: 17, weak refs: 0

JNI global refs memory usage: 835, weak refs: 833

Process memory usage:
Resident Set Size: 223040K (2% of 8202932K total physical memory with 1056052K free physical memory)

OOME stack traces (most recent first):
Classloader memory used:
Loader jdk.internal.loader.ClassLoaders$AppClassLoader                                 : 38147K
Loader bootstrap                                                                       : 10546K
Loader java.net.URLClassLoader                                                         : 260K

---------------  S Y S T E M  ---------------

OS:
 Windows 11 , 64 bit Build 26100 (10.0.26100.8328)
OS uptime: 3 days 5:41 hours
Hyper-V role detected

CPU: total 16 (initial active 16) (16 cores per cpu, 2 threads per core) family 25 model 68 stepping 1 microcode 0xa404107, cx8, cmov, fxsr, ht, mmx, 3dnowpref, sse, sse2, sse3, ssse3, sse4a, sse4.1, sse4.2, popcnt, lzcnt, tsc, tscinvbit, avx, avx2, aes, erms, clmul, bmi1, bmi2, adx, sha, fma, vzeroupper, clflush, clflushopt, hv, rdtscp, rdpid, fsrm, f16c, cet_ss
Processor Information for the first 16 processors :
  Max Mhz: 3100, Current Mhz: 3100, Mhz Limit: 3100

Memory: 4k page, system-wide physical 8010M (1031M free)
TotalPageFile size 32586M (AvailPageFile size 14M)
current process WorkingSet (physical memory assigned to process): 218M, peak: 227M
current process commit charge ("private bytes"): 265M, peak: 278M

vm_info: OpenJDK 64-Bit Server VM (21.0.8+-14018985-b1038.68) for windows-amd64 JRE (21.0.8+-14018985-b1038.68), built on 2025-08-29T19:56:34Z by "builder" with MS VC++ 16.10 / 16.11 (VS2019)

END.
